  project12.cpp
C:\Users\김영윤\Documents\C\C_1026\project1\project12\project12.cpp(22,20): warning C4474: 'printf' : 서식 문자열에 전달된 인수가 너무 많습니다.
      C:\Users\김영윤\Documents\C\C_1026\project1\project12\project12.cpp(22,20):
      자리 표시자 및 해당 매개 변수에는 variadic 인수가 0개 필요하지만 1개가 제공되었습니다.
  
C:\Users\김영윤\Documents\C\C_1026\project1\project12\project12.cpp(179,15): warning C4244: '인수': 'time_t'에서 'unsigned int'(으)로 변환하면서 데이터가 손실될 수 있습니다.
C:\Users\김영윤\Documents\C\C_1026\project1\project12\project12.cpp(233,12): warning C4477: 'printf' : 서식 문자열 '%u'에 'unsigned int' 형식의 인수가 필요하지만 variadic 인수 1의 형식이 'size_t'입니다.
      C:\Users\김영윤\Documents\C\C_1026\project1\project12\project12.cpp(233,12):
      서식 문자열에서 '%zu'을(를) 사용하는 것이 좋습니다.
  
C:\Users\김영윤\Documents\C\C_1026\project1\project12\project12.cpp(238,12): warning C4477: 'printf' : 서식 문자열 '%u'에 'unsigned int' 형식의 인수가 필요하지만 variadic 인수 1의 형식이 'size_t'입니다.
      C:\Users\김영윤\Documents\C\C_1026\project1\project12\project12.cpp(238,12):
      서식 문자열에서 '%zu'을(를) 사용하는 것이 좋습니다.
  
C:\Users\김영윤\Documents\C\C_1026\project1\project12\project12.cpp(241,12): warning C4477: 'printf' : 서식 문자열 '%u'에 'unsigned int' 형식의 인수가 필요하지만 variadic 인수 1의 형식이 'size_t'입니다.
      C:\Users\김영윤\Documents\C\C_1026\project1\project12\project12.cpp(241,12):
      서식 문자열에서 '%zu'을(를) 사용하는 것이 좋습니다.
  
C:\Users\김영윤\Documents\C\C_1026\project1\project12\project12.cpp(246,12): warning C4477: 'printf' : 서식 문자열 '%u'에 'unsigned int' 형식의 인수가 필요하지만 variadic 인수 1의 형식이 'size_t'입니다.
      C:\Users\김영윤\Documents\C\C_1026\project1\project12\project12.cpp(246,12):
      서식 문자열에서 '%zu'을(를) 사용하는 것이 좋습니다.
  
C:\Users\김영윤\Documents\C\C_1026\project1\project12\project12.cpp(249,12): warning C4477: 'printf' : 서식 문자열 '%u'에 'unsigned int' 형식의 인수가 필요하지만 variadic 인수 1의 형식이 'size_t'입니다.
      C:\Users\김영윤\Documents\C\C_1026\project1\project12\project12.cpp(249,12):
      서식 문자열에서 '%zu'을(를) 사용하는 것이 좋습니다.
  
C:\Users\김영윤\Documents\C\C_1026\project1\project12\project12.cpp(252,12): warning C4477: 'printf' : 서식 문자열 '%u'에 'unsigned int' 형식의 인수가 필요하지만 variadic 인수 1의 형식이 'size_t'입니다.
      C:\Users\김영윤\Documents\C\C_1026\project1\project12\project12.cpp(252,12):
      서식 문자열에서 '%zu'을(를) 사용하는 것이 좋습니다.
  
  project12.vcxproj -> C:\Users\김영윤\Documents\C\C_1026\project1\x64\Debug\project12.exe
