  project1.cpp
C:\Users\김영윤\Documents\C\C_1026\project1\project1\project1.cpp(53,12): warning C4477: 'printf' : 서식 문자열 '%d'에 'int' 형식의 인수가 필요하지만 variadic 인수 1의 형식이 'size_t'입니다.
      C:\Users\김영윤\Documents\C\C_1026\project1\project1\project1.cpp(53,12):
      서식 문자열에서 '%zd'을(를) 사용하는 것이 좋습니다.
  
C:\Users\김영윤\Documents\C\C_1026\project1\project1\project1.cpp(54,12): warning C4477: 'printf' : 서식 문자열 '%d'에 'int' 형식의 인수가 필요하지만 variadic 인수 1의 형식이 'size_t'입니다.
      C:\Users\김영윤\Documents\C\C_1026\project1\project1\project1.cpp(54,12):
      서식 문자열에서 '%zd'을(를) 사용하는 것이 좋습니다.
  
C:\Users\김영윤\Documents\C\C_1026\project1\project1\project1.cpp(55,12): warning C4477: 'printf' : 서식 문자열 '%d'에 'int' 형식의 인수가 필요하지만 variadic 인수 1의 형식이 'size_t'입니다.
      C:\Users\김영윤\Documents\C\C_1026\project1\project1\project1.cpp(55,12):
      서식 문자열에서 '%zd'을(를) 사용하는 것이 좋습니다.
  
C:\Users\김영윤\Documents\C\C_1026\project1\project1\project1.cpp(56,12): warning C4477: 'printf' : 서식 문자열 '%d'에 'int' 형식의 인수가 필요하지만 variadic 인수 1의 형식이 'size_t'입니다.
      C:\Users\김영윤\Documents\C\C_1026\project1\project1\project1.cpp(56,12):
      서식 문자열에서 '%zd'을(를) 사용하는 것이 좋습니다.
  
C:\Users\김영윤\Documents\C\C_1026\project1\project1\project1.cpp(57,12): warning C4477: 'printf' : 서식 문자열 '%d'에 'int' 형식의 인수가 필요하지만 variadic 인수 1의 형식이 'size_t'입니다.
      C:\Users\김영윤\Documents\C\C_1026\project1\project1\project1.cpp(57,12):
      서식 문자열에서 '%zd'을(를) 사용하는 것이 좋습니다.
  
C:\Users\김영윤\Documents\C\C_1026\project1\project1\project1.cpp(58,12): warning C4477: 'printf' : 서식 문자열 '%d'에 'int' 형식의 인수가 필요하지만 variadic 인수 1의 형식이 'size_t'입니다.
      C:\Users\김영윤\Documents\C\C_1026\project1\project1\project1.cpp(58,12):
      서식 문자열에서 '%zd'을(를) 사용하는 것이 좋습니다.
  
C:\Users\김영윤\Documents\C\C_1026\project1\project1\project1.cpp(59,12): warning C4477: 'printf' : 서식 문자열 '%d'에 'int' 형식의 인수가 필요하지만 variadic 인수 1의 형식이 'size_t'입니다.
      C:\Users\김영윤\Documents\C\C_1026\project1\project1\project1.cpp(59,12):
      서식 문자열에서 '%zd'을(를) 사용하는 것이 좋습니다.
  
C:\Users\김영윤\Documents\C\C_1026\project1\project1\project1.cpp(60,12): warning C4477: 'printf' : 서식 문자열 '%d'에 'int' 형식의 인수가 필요하지만 variadic 인수 1의 형식이 'size_t'입니다.
      C:\Users\김영윤\Documents\C\C_1026\project1\project1\project1.cpp(60,12):
      서식 문자열에서 '%zd'을(를) 사용하는 것이 좋습니다.
  
C:\Users\김영윤\Documents\C\C_1026\project1\project1\project1.cpp(43,12): warning C4101: 'r2' :참조되지 않은 지역 변수입니다.
C:\Users\김영윤\Documents\C\C_1026\project1\project1\project1.cpp(38,9): warning C4101: 'num3' :참조되지 않은 지역 변수입니다.
C:\Users\김영윤\Documents\C\C_1026\project1\project1\project1.cpp(40,15): warning C4101: 'num5' :참조되지 않은 지역 변수입니다.
C:\Users\김영윤\Documents\C\C_1026\project1\project1\project1.cpp(42,11): warning C4101: 'r1' :참조되지 않은 지역 변수입니다.
C:\Users\김영윤\Documents\C\C_1026\project1\project1\project1.cpp(44,17): warning C4101: 'r3' :참조되지 않은 지역 변수입니다.
C:\Users\김영윤\Documents\C\C_1026\project1\project1\project1.cpp(39,10): warning C4101: 'num4' :참조되지 않은 지역 변수입니다.
  project1.vcxproj -> C:\Users\김영윤\Documents\C\C_1026\project1\x64\Debug\project1.exe
